MONGODB | Topology type 'unknown' initializing.
MONGODB | There was a change in the members of the 'Unknown' topology.
MONGODB | Server localhost:27017 initializing.
MONGODB | Waiting for up to 30.00 seconds for servers to be scanned: #<Cluster topology=Unknown[localhost:27017] servers=[#<Server address=localhost:27017 UNKNOWN>]>
MONGODB | Server description for localhost:27017 changed from 'unknown' to 'standalone'.
MONGODB | Topology type 'Unknown' changed to type 'Single'.
MONGODB | localhost:27017 req:6 conn:1:1 sconn:2 | mongo_blog_development.saslStart | STARTED | {}
MONGODB | localhost:27017 req:6 | mongo_blog_development.saslStart | FAILED | [18:AuthenticationFailed]: Authentication failed. | 0.007157000000006519s
MONGODB | Failed to authenticate to localhost:27017: Mongo::Auth::Unauthorized: User myrootuser (mechanism: scram) is not authorized to access mongo_blog_development (auth source: mongo_blog_development, used mechanism: SCRAM-SHA-1, used server: localhost:27017 (STANDALONE)): [18:AuthenticationFailed]: Authentication failed.
MONGODB | Server description for localhost:27017 changed from 'standalone' to 'unknown'.
MONGODB | There was a change in the members of the 'Single' topology.
MONGODB | Server description for localhost:27017 changed from 'unknown' to 'standalone'.
MONGODB | There was a change in the members of the 'Single' topology.
MONGODB | Topology type 'unknown' initializing.
MONGODB | There was a change in the members of the 'Unknown' topology.
MONGODB | Server localhost:27017 initializing.
MONGODB | Waiting for up to 30.00 seconds for servers to be scanned: #<Cluster topology=Unknown[localhost:27017] servers=[#<Server address=localhost:27017 UNKNOWN>]>
MONGODB | Server description for localhost:27017 changed from 'unknown' to 'standalone'.
MONGODB | Topology type 'Unknown' changed to type 'Single'.
MONGODB | localhost:27017 req:6 conn:1:1 sconn:6 | mongo_blog_development.saslStart | STARTED | {}
MONGODB | localhost:27017 req:6 | mongo_blog_development.saslStart | FAILED | [18:AuthenticationFailed]: Authentication failed. | 0.004557000000204425s
MONGODB | Failed to authenticate to localhost:27017: Mongo::Auth::Unauthorized: User myrootuser (mechanism: scram) is not authorized to access mongo_blog_development (auth source: mongo_blog_development, used mechanism: SCRAM-SHA-1, used server: localhost:27017 (STANDALONE)): [18:AuthenticationFailed]: Authentication failed.
MONGODB | Server description for localhost:27017 changed from 'standalone' to 'unknown'.
MONGODB | There was a change in the members of the 'Single' topology.
MONGODB | Server description for localhost:27017 changed from 'unknown' to 'standalone'.
MONGODB | There was a change in the members of the 'Single' topology.
MONGODB | Server description for localhost:27017 changed from 'standalone' to 'standalone'.
MONGODB | There was a change in the members of the 'Single' topology.
MONGODB | localhost:27017 req:9 conn:2:2 sconn:8 | mongo_blog_development.saslStart | STARTED | {}
MONGODB | localhost:27017 req:9 | mongo_blog_development.saslStart | FAILED | [18:AuthenticationFailed]: Authentication failed. | 0.004847000000154367s
MONGODB | Failed to authenticate to localhost:27017: Mongo::Auth::Unauthorized: User myrootuser (mechanism: scram) is not authorized to access mongo_blog_development (auth source: mongo_blog_development, used mechanism: SCRAM-SHA-1, used server: localhost:27017 (STANDALONE)): [18:AuthenticationFailed]: Authentication failed.
MONGODB | Server description for localhost:27017 changed from 'standalone' to 'unknown'.
MONGODB | There was a change in the members of the 'Single' topology.
MONGODB | Server description for localhost:27017 changed from 'unknown' to 'standalone'.
MONGODB | There was a change in the members of the 'Single' topology.
